2026-02-28 19:14:48,350 - INFO - Iniciando extracción de superhéroes...
2026-02-28 19:14:49,443 - INFO - Heroe A-Bomb extraído correctamente
2026-02-28 19:14:50,172 - INFO - Heroe Abe Sapien extraído correctamente
2026-02-28 19:14:51,019 - INFO - Heroe Abin Sur extraído correctamente
2026-02-28 19:14:51,624 - INFO - Heroe Abomination extraído correctamente
2026-02-28 19:14:52,362 - INFO - Heroe Abraxas extraído correctamente
2026-02-28 19:14:53,238 - INFO - Heroe Absorbing Man extraído correctamente
2026-02-28 19:14:53,902 - INFO - Heroe Adam Monroe extraído correctamente
2026-02-28 19:14:54,519 - INFO - Heroe Adam Strange extraído correctamente
2026-02-28 19:14:55,263 - INFO - Heroe Agent 13 extraído correctamente
2026-02-28 19:14:56,134 - INFO - Heroe Agent Bob extraído correctamente
2026-02-28 19:16:57,284 - INFO - Iniciando extracción de superhéroes...
2026-02-28 19:16:58,158 - INFO - Heroe A-Bomb extraído correctamente
2026-02-28 19:16:59,037 - INFO - Heroe Abe Sapien extraído correctamente
2026-02-28 19:16:59,785 - INFO - Heroe Abin Sur extraído correctamente
2026-02-28 19:17:00,521 - INFO - Heroe Abomination extraído correctamente
2026-02-28 19:17:01,387 - INFO - Heroe Abraxas extraído correctamente
2026-02-28 19:17:02,108 - INFO - Heroe Absorbing Man extraído correctamente
2026-02-28 19:17:02,831 - INFO - Heroe Adam Monroe extraído correctamente
2026-02-28 19:17:03,458 - INFO - Heroe Adam Strange extraído correctamente
2026-02-28 19:17:04,189 - INFO - Heroe Agent 13 extraído correctamente
2026-02-28 19:17:05,051 - INFO - Heroe Agent Bob extraído correctamente
2026-02-28 19:17:40,389 - INFO - Iniciando extracción de superhéroes...
2026-02-28 19:17:41,124 - INFO - Heroe A-Bomb extraído correctamente
2026-02-28 19:17:41,778 - INFO - Heroe Abe Sapien extraído correctamente
2026-02-28 19:17:42,398 - INFO - Heroe Abin Sur extraído correctamente
2026-02-28 19:17:43,011 - INFO - Heroe Abomination extraído correctamente
2026-02-28 19:17:43,629 - INFO - Heroe Abraxas extraído correctamente
2026-02-28 19:17:44,257 - INFO - Heroe Absorbing Man extraído correctamente
2026-02-28 19:17:44,881 - INFO - Heroe Adam Monroe extraído correctamente
2026-02-28 19:17:45,491 - INFO - Heroe Adam Strange extraído correctamente
2026-02-28 19:17:46,104 - INFO - Heroe Agent 13 extraído correctamente
2026-02-28 19:17:46,714 - INFO - Heroe Agent Bob extraído correctamente
2026-02-28 19:17:47,337 - INFO - Heroe Agent Zero extraído correctamente
2026-02-28 19:17:47,969 - INFO - Heroe Air-Walker extraído correctamente
2026-02-28 19:17:48,594 - INFO - Heroe Ajax extraído correctamente
2026-02-28 19:17:49,215 - INFO - Heroe Alan Scott extraído correctamente
2026-02-28 19:17:49,832 - INFO - Heroe Alex Mercer extraído correctamente
2026-02-28 19:17:50,453 - INFO - Heroe Alex Woolsly extraído correctamente
2026-02-28 19:17:51,068 - INFO - Heroe Alfred Pennyworth extraído correctamente
2026-02-28 19:17:51,699 - INFO - Heroe Alien extraído correctamente
2026-02-28 19:17:52,334 - INFO - Heroe Allan Quatermain extraído correctamente
2026-02-28 19:17:52,961 - INFO - Heroe Amazo extraído correctamente
2026-02-28 19:17:53,596 - INFO - Heroe Ammo extraído correctamente
2026-02-28 19:17:54,246 - INFO - Heroe Ando Masahashi extraído correctamente
2026-02-28 19:17:54,861 - INFO - Heroe Angel extraído correctamente
2026-02-28 19:17:55,473 - INFO - Heroe Angel extraído correctamente
2026-02-28 19:17:56,104 - INFO - Heroe Angel Dust extraído correctamente
2026-02-28 19:17:56,732 - INFO - Heroe Angel Salvadore extraído correctamente
2026-02-28 19:17:57,373 - INFO - Heroe Angela extraído correctamente
2026-02-28 19:17:57,997 - INFO - Heroe Animal Man extraído correctamente
2026-02-28 19:17:58,614 - INFO - Heroe Annihilus extraído correctamente
2026-02-28 19:17:59,236 - INFO - Heroe Ant-Man extraído correctamente
2026-02-28 19:27:41,965 - INFO - Iniciando extracción de superhéroes...
2026-02-28 19:27:43,117 - INFO - Heroe A-Bomb extraído correctamente
2026-02-28 19:27:44,013 - INFO - Heroe Abe Sapien extraído correctamente
2026-02-28 19:27:44,764 - INFO - Heroe Abin Sur extraído correctamente
2026-02-28 19:27:45,485 - INFO - Heroe Abomination extraído correctamente
2026-02-28 19:27:46,112 - INFO - Heroe Abraxas extraído correctamente
2026-02-28 19:27:46,967 - INFO - Heroe Absorbing Man extraído correctamente
2026-02-28 19:27:47,706 - INFO - Heroe Adam Monroe extraído correctamente
2026-02-28 19:27:48,505 - INFO - Heroe Adam Strange extraído correctamente
2026-02-28 19:27:49,247 - INFO - Heroe Agent 13 extraído correctamente
2026-02-28 19:27:50,090 - INFO - Heroe Agent Bob extraído correctamente
2026-02-28 19:27:50,809 - INFO - Heroe Agent Zero extraído correctamente
2026-02-28 19:27:51,420 - INFO - Heroe Air-Walker extraído correctamente
2026-02-28 19:27:52,034 - INFO - Heroe Ajax extraído correctamente
2026-02-28 19:27:52,640 - INFO - Heroe Alan Scott extraído correctamente
2026-02-28 19:27:53,247 - INFO - Heroe Alex Mercer extraído correctamente
2026-02-28 19:27:53,855 - INFO - Heroe Alex Woolsly extraído correctamente
2026-02-28 19:27:54,497 - INFO - Heroe Alfred Pennyworth extraído correctamente
2026-02-28 19:27:55,118 - INFO - Heroe Alien extraído correctamente
2026-02-28 19:27:55,851 - INFO - Heroe Allan Quatermain extraído correctamente
2026-02-28 19:27:56,467 - INFO - Heroe Amazo extraído correctamente
2026-02-28 19:27:57,071 - INFO - Heroe Ammo extraído correctamente
2026-02-28 19:27:57,712 - INFO - Heroe Ando Masahashi extraído correctamente
2026-02-28 19:27:58,319 - INFO - Heroe Angel extraído correctamente
2026-02-28 19:27:58,927 - INFO - Heroe Angel extraído correctamente
2026-02-28 19:27:59,560 - INFO - Heroe Angel Dust extraído correctamente
2026-02-28 19:28:00,174 - INFO - Heroe Angel Salvadore extraído correctamente
2026-02-28 19:28:00,777 - INFO - Heroe Angela extraído correctamente
2026-02-28 19:28:01,391 - INFO - Heroe Animal Man extraído correctamente
2026-02-28 19:28:02,009 - INFO - Heroe Annihilus extraído correctamente
2026-02-28 19:28:02,621 - INFO - Heroe Ant-Man extraído correctamente
